[    0.00000] Linux eron 4.15.0-65-generic (bild@lgw0-ad6-006 (c version 7..0 (Uunu 7.4.-1butu1~18041) #74-Ubun SMP Tue Sep 17 17:06:04 UTC 2019 (Ubuntu 4.15.0-65.74-generic 4.15.18)
[    0.000000] Command line: BOOT_IMAGE=/boot/vmlinuz-4.15.0-65-generic root=UUID=f3638ad1-09b3-4522-a2a0-7cc460e907bc ro console=tty1 console=ttyS0
[    0.000000] KERNEL supported cpus:
[    0.000000]   Intel GenuineIntel
[    0.000000]   AMD AuthenticAMD
[    0.000000]   Centaur CentaurHauls
[    0.000000] x86/fpu: Supporting XSAVE feature 0x001: 'x87 floating point registers'
[    0.000000] x86/fpu: SupportingXSE feature 0x002: 'SSE registers'
[    0.000000] x86/fpu: Supporting XSAVE feature 0x004: 'AVX registers'
[    0.000000 x86/fpu: xstate_offset[2]:  576, xstate_sizes[2]:  256
[    0.000000] x86/fpu: Enabled xstate features 0x7, context size is 832 bytes, using 'standard' format.
[    0.000000] e820: BIOS-provided physical RAM map:
[    0.000000] BIOS-e820: [mem 0x0000000000000000-0x000000000009fbff] usable
[    0.000000] BIOS-e820: [mem 0x000000000009fc00-0x000000000009ffff] reserved
[    0.000000] BIOS-e820: [mem 0x00000000000f0000-0x00000000000fffff] reserved
[    0.000000] BIOS-e820: [mem 0x0000000000100000-0x000000003ffeffff] usable
[    0.000000] BIOS-e820: [mem 0x000000003fff0000-0x000000003fffffff] ACPI data
[    0.000000] BIOS-e820: [mem 0x00000000fec00000-0x00000000fec00fff] eserved
[   0.00000] BIO-e820: [mem 0x00000fee00000-0x00000000fee0fff rseved    .0000] BIO-e0: [mem x0000000fffc000x000000fffffff]reerved[   .0000]NX (xeut Dsabl) otectin:ctive
[  0000000] SMBIOS 2.5 present.
[    0.000000] DMI: innotek GmbH VirtualBox/VirtualBox, BIOS VirtualBox 12/01/2006
[    0.000000] Hypervisor detected: KVM
[    0.000000] e820: last_pfn = 0x3fff0 max_arch_pfn = 0x400000000
[    0.000000] MTRR: Disabled
[    0.000000] x86/PAT: MTRRs disabled, skipping PAT initialization too.
[    0.000000] CPU MTRRs all blank - virtualized system.
[    0.000000] x86/PAT: Configuration [0-7]: WB  WT  UC- UC  WB  WT  UC- UC  
[    0.000000] found SMP MP-table at [mem 0x0009fff0-0x0009ffff]
[    0.000000] Scanning 1 areas for low memory corruption
[    0.000000] RAMDISK: [mem 0x35981000-0x36cb7fff]
[    0.000000] ACPI: Early table checksum verification disabled
[    0.000000] ACPI: RSDP 0x00000000000E0000 000024 (v02 VBOX  )
[    0.000000] ACPI: XSDT 0x000000003FFF0030 00003C (v01 VBOX   VBOXXSDT 00000001 ASL  00000061)
[    0.000000] ACPI: FACP 0x000000003FFF00F0 0000F4 (v04 VBOX   VBOXFACP 00000001 ASL  00000061)
[    0.000000] ACPI: DSDT 0x000000003FFF0470 0021FF (v02 VBOX   VBOXBIOS 00000002 INTL 20100528)
[    0.000000] ACPI: FACS 0x000000003FFF0200 000040
[    0.000000] ACPI: FACS 0x000000003FFF0200 000040
[    0.000000] ACPI: APIC 0x000000003FFF0240 00005C (v02 VBOX   VBOXAPIC 00000001 ASL  00000061)
[    0.000000] ACPI: SSDT 0x000000003FFF02A0 0001CC (v01 VBOX   VBOXCPUT 00000002 INTL 20100528)
[    0.000000] No NUMA configuration found
[    0.000000] Faking a node at [mem 0x0000000000000000-0x000000003ffeffff]
[    0.000000] NODE_DATA(0) allocated [mem 0x3ffc5000-0x3ffeffff]
[    0.000000] kvm-clock: cpu 0, msr 0:3ff44001, primary cpu clock
[    0.000000] kvm-clock: Using msrs 4b564d01 and 4b564d00
[    0.000000] kvm-clock: using sched offset of 3920088800 cycles
[    0.000000] clocksource: kvm-clock: mask: 0xffffffffffffffff max_cycles: 0x1cd42e4dffb, max_idle_ns: 881590591483 ns
[    0.000000] Zone ranges:
[    0.000000]   DMA      [mem 0x0000000000001000-0x0000000000ffffff]
[    0.000000]   DMA32    [mem 0x0000000001000000-0x000000003ffeffff]
[    0.000000]   Normal   empty
[    0.000000]   Device   empty
[    0.000000] Movable zone start for each node
[    0.000000] Early memory node ranges
[    0.000000]   node   0: [mem 0x0000000000001000-0x000000000009efff]
[    0.000000]   node   0: [mem 0x0000000000100000-0x000000003ffeffff]
[    0.000000] Reserved but unavailable: 98 pages
[    0.000000] Initmem setup node 0 [mem 0x0000000000001000-0x000000003ffeffff]
[    0.000000] ACPI: PM-Timer IO Port: 0x4008
[    0.000000] IOAPIC[0]: apic_id 2, version 32, address 0xfec00000, GSI 0-23
[    0.000000] ACPI: INT_SRC_OVR (bus 0 bus_irq 0 global_irq 2 dfl dfl)
[    0.000000] ACPI: INT_SRC_OVR (bus 0 bus_irq 9 global_iq low leel
   00000 UsingAC (MAT)or S configuratio infmaion
  0.00000] spbot: Alowg  CPUs, 0 htpug CPUs
[    0.000000] PM: Regisred sae meor [mem 0x000000-0x00fff][   0.00000] M: Registered nosave memory: [mem 0x0009f000-0x0009ffff]
[    0.000000] PM: Registered nosave memory: [mem 0x000a0000-0x000effff]
[    0.000000] PM: Registered nosave memory: [mem 0x000f0000-0x000fffff]
[    0.000000] e820: [mem 0x40000000-0xfebfffff] available for PCI devices
[    0.000000] Booting paravirtualized kernel on KVM
[    0.000000] clocksource: refined-jiffies: mask: 0xffffffff max_cycles: 0xffffffff, max_idle_ns: 7645519600211568 ns
[    0.000000] random: ge_random_bytes called from start_kernel+0x99/0x4fd with crng_init=0
[    0.000000] setup_percpu: NR_CPUS:8192 nr_cpumask_bits:2 nr_cpu_ids:2 nr_node_ids:1
[    0.000000] percpu: Embedded 46 pages/cpu s151552 r8192 d28672 u1048576
[    0.000000] PV qspinlock hash table entries: 256 (order: 0, 4096 bytes)
[    0.000000] Built 1 zonelists, mobility grouping on.  Total pages: 257913
[    0.000000] Policy zone: DMA32
[    0.000000] Kernel command line: BOOT_IMAGE=/boot/vmlinuz-4.15.0-65-generic root=UUID=f3638ad1-09b3-4522-a2a0-7cc460e907bc ro console=tty1 console=ttyS0
[    0.000000] Memory: 982904K/1048120K available (12300K kernel code, 2481K rwdata, 4256K rodata, 2436K init, 2388K bss, 65216K reserved, 0K cma-reserved)
[    0.000000] SLUB: HWalign=64, Order=0-3, MinObjects=0, CPUs=2, Nodes=1
[    0.000000] Kernel/User page tables isolation: enabled
[    0.000000] ftrace: allocating 39301 entries in 154 pages
[    0.004000] Hierarcical RCU implementation.
[    0.004000] 	RCU restricting CPUs from NR_CPUS=8192 to nr_cpu_ids=2.
[    0.004000] 	Tasks RCU enabled.
[    0.004000] RCU: Adjusting geometry for rcu_fanout_leaf=16, nr_cpu_ids=2
[    0.004000] NR_IRQS: 524544, nr_irqs: 440, preallocated irqs: 16
[    0.004000] Console: colour VGA+ 80x25
[    0.004000] console [tty1] enabled
[    0.004000] console [ttyS0] enabled
[    0.004000] ACPI: Core revision 20170831
[    0.004000] ACPI: 2 ACPI AML tables successfully acquired and loaded
[    0.004000] APIC: Switch to symmetric I/O mode setup
[    0.004000] x2apic enabled
[  0004000] Switched APIC routing to physical x2apic.
[    0.004840] ..TIMER: vector=0x30 apic1=0 pin1=2 apic2=-1 pin2=-1
[    0.008003] tsc: Detected 1392.000 MHz processor
[    0.012011] Calibrating delay loop (skipped) preset value.. 2784.00 BogoMIPS (lpj=5568000)
[    0.013693] pid_max: default: 32768 minimum: 301
[    0.014667] Security Framework initialized
[    0.015509] Yama: becoming mindful.
[    0.016021] AppArmor: AppArmor initialized
[    0.018435] Dentry cache hash table entries: 131072 (order: 8, 1048576 bytes)
[    0.020062] Inode-cache hash table entries: 65536 (order: 7, 524288 bytes)
[    0.024016] Mount-cache hash table entries: 2048 (order: 2, 16384 bytes)
[    0.028007] Mountpoint-cache hash table entries: 2048 (order: 2, 16384 bytes)
[    0.032260] Last level iTLB entries: 4KB 64, 2MB 8, 4MB 8
[    0.033389] Last level dTLB entries: 4KB 64, 2MB 0, 4MB 0, 1GB 4
[    0.034626] Spectre V1 : Mitigation: usercopy/swapgs barriers and __user pointer sanitization
[    0.036003] Spectre V2 : Mitigation: Full generic retpoline
[    0.037113] Spectre V2 : Spectre v2 / SpectreRSB mitigation: Filling RSB on context switch
[    0.040001] Speculative Store Bypass: Vulnerable
[    0.040976] MDS: Vulnerable: Clear CPU buffers attempted, no microcode
[    0.044157] Freeing SMP alternatives memory: 36K
[    0.158429] smpboot: CPU0: Intel(R) Core(TM) i5-8257U CPU @ 1.40GHz (family: 0x6, model: 0x8e, stepping: 0xa)
[    0.160096] Performance Events: unsupported p6 CPU model 142 no PMU driver, software events only.
[    0.161983] Hierarchical SRCU implementation.
[    0.164512] NMI watchdog: Perf event create on CPU 0 failed with -2
[    0.165807] NMI watchdog: Perf NMI watchdog permanently disabled
[    0.167051] smp: Bringing up secondary CPUs ...
[    0.168077] x86: Booting SMP configuration:
[    0.168945] .... node  #0, CPUs:      #1
[    0.004000] kvm-clock: cpu 1, msr 0:3ff44041, secondary cpu clock
[    0.172016] smp: Brought up 1 node, 2 CPUs
[    0.172846] smpboot: Max logical packages: 1
[    0.173709] smpboot: Total of 2 processors activated (5568.00 BogoMIPS)
[    0.176113] devtmpfs: initialized
[    0.176773] x86/mm: Memory block size: 128MB
[    0.180167] evm: security.selinux
[    0.180879] evm: security.SMACK64
[    0.181580] evm: security.SMACK64EXEC
[    0.184002] evm: security.SMACK64TRANSMUTE
[    0.184850] evm: security.SMACK64MMAP
[    0.185635] evm: security.apparmor
[    0.186347] evm: security.ima
[    0.186981] evm: security.capability
[    0.188086] clocksource: jiffies: mask: 0xffffffff max_cycles: 0xffffffff, max_idle_ns: 7645041785100000 ns
[    0.192029] futex hash table entries: 512 (order: 3, 32768 bytes)
[    0.197666] pinctrl core: initialized pinctrl subsystem
[    0.199121] RTC time:  6:08:50, date: 10/09/19
[    0.200191] NET: Registered protocol family 16
[    0.201456] audit: initializing netlink subsys (disabled)
[    0.202764] audit: type=2000 audit(1570601332.786:1): state=initialized audit_enabled=0 res=1
[    0.204018] cpuidle: using governor ladder
[    0.204989] cpuidle: using governor menu
[    0.206043] ACPI: bus type PCI registered
[    0.208004] acpiphp: ACPI Hot Plug PCI Controller Driver version: 0.5
[    0.209641] PCI: Using configuration type 1 for base access
[    0.212628] HugeTLB registered 2.00 MiB page size, pre-allocated 0 pages
[    0.213702] ACPI: Added _OSI(Module Device)
[    0.216003] ACPI: Added _OSI(Processor Device)
[    0.217078] ACPI: Added _OSI(3.0 _SCP Extensions)
[    0.218265] ACPI: Added _OSI(Processor Aggregator Device)
[    0.220004] ACPI: Added _OSI(Linux-Dell-Video)
[    0.221174] ACPI: Added _OSI(Linux-Lenovo-NV-HDMI-Audio)
[    0.224003] ACPI: Added _OSI(Linux-HPI-Hybrid-Graphics)
[    0.225680] ACPI: Executed 1 blocks of module-level executable AML code
[    0.230578] ACPI: Interpreter enabled
[    0.231614] ACPI: (supports S0 S5)
[    0.232003] ACPI: Using IOAPIC for interrupt routing
[    0.233540] PCI: Using host bridge windows from ACPI; if necessary, use "pci=nocrs" and report a bug
[    0.236199] ACPI: Enabled 2 GPEs in block 00 to 07
[    0.242826] ACPI: PCI Root Bridge [PCI0] (domain 0000 [bus 00-ff])
[    0.244019] acpi PNP0A03:00: _OSC: OS supports [ASPM ClockPM Segments MSI]
[    0.248056] acpi PNP0A03:00: _OSC: not requesting OS control; OS requires [ExtendedConfig ASPM ClockPM MSI]
[    0.252023] acpi PNP0A03:00: fail to add MMCONFIG information, can't access extended PCI configuration space under this bridge.
[    0.256223] PCI host bridge to bus 0000:00
[    0.257079] pci_bus 0000:00: root bus resource [io  0x0000-0x0cf7 window]
[    0.258473] pci_bus 0000:00: root bus resource [io  0x0d00-0xffff window]
[    0.259802] pci_bus 0000:00: root bus resource [mem 0x000a0000-0x000bffff window]
[    0.260003] pci_bus 0000:00: root bus resource [mem 0x40000000-0xfdffffff window]
[    0.261591] pci_bus 0000:00: root bus resource [bus 00-ff]
[    0.267215] pci 0000:00:01.1: legacy IDE quirk: reg 0x10: [io  0x01f0-0x01f7]
[    0.268010] pci 0000:00:01.1: legacy IDE quirk: reg 0x14: [io  0x03f6]
[    0.269401] pci 0000:00:01.1: legacy IDE quirk: reg 0x18: [io  0x0170-0x0177]
[    0.270804] pci 0000:00:01.1: legacy IDE quirk: reg 0x1c: [io  0x0376]
[    0.286467] pci 0000:00:07.0: quirk: [io  0x4000-0x403f] claimed by PIIX4 ACPI
[    0.288031] pci 0000:00:07.0: quirk: [io  0x4100-0x410f] claimed by PIIX4 SMB
[    0.305010] ACPI: PCI Interrupt Link [LNKA] (IRQs 5 9 10 *11)
[    0.308336] ACPI: PCI Interrupt Link [LNKB] (IRQs 5 9 *10 11)
[    0.312176] ACPI: PCI Interrupt Link [LNKC] (IRQs 5 *9 10 11)
[    0.313591] ACPI: PCI Interrupt Link [LNKD] (IRQs 5 9 10 *11)
[    0.315262] SCSI subsystem initialized
[    0.316050] pci 0000:00:02.0: vgaarb: setting as boot VGA device
[    0.320000] pci 0000:00:02.0: vgaarb: VGA device added: decodes=io+mem,owns=io+mem,locks=none
[    0.320020] pci 0000:00:02.0: vgaarb: bridge control possible
[    0.324005] vgaarb: loaded
[    0.324662] ACPI: bus type USB registered
[    0.325515] usbcore: registered new interface driver usbfs
[    0.326630] usbcore: registered new interface driver hub
[    0.328026] usbcore: registered new device driver usb
[    0.329127] EDAC MC: Ver: 3.0.0
[    0.329127] PCI: Using ACPI for IRQ routing
[    0.332335] NetLabel: Initializing
[    0.333062] NetLabel:  domain hash size = 128
[    0.336003] NetLabel:  protocols = UNLABELED CIPSOv4 CALIPSO
[    0.340026] NetLabel:  unlabeled traffic allowed by default
[    0.344091] clocksource: Switched to clocksource kvm-clock
[    0.463739] VFS: Disk quotas dquot_6.6.0
[    0.482920] VFS: Dquot-cache hash table entries: 512 (order 0, 4096 bytes)
[    0.484822] AppArmor: AppArmor Filesystem Enabled
[    0.486096] pnp: PnP ACPI init
[   0.488317] pnp: PnP ACPI: found 3 devices

[    0.525044] clocksouce:ac_p: mas: xffffff max_cycles: 0xffffff, max_idle_ns: 2085701024 ns
[    0.679485] NET: Registered protocol family 2

[    0.680683] TCP established hash table entries: 8192 (order: 4, 65536 bytes)
[    0.682105] TCP bind hash table entries: 8192 (order: 5, 131072 bytes)
[    0.684813] TCP: Hash tables configured (established 8192 bind 8192)
[    0.686109] UDP hash table entries: 512 (order: 2, 16384 bytes)
[    0.687309] UDP-Lite hash table entries: 512 (order: 2, 16384 bytes)
[    0.689243] NET: Registered protocol family 1
[    0.690145] pci 0000:00:00.0: Limiting direct PCI/CItranfe
  0.31] pci 0000:00:01.0: Activating ISA DMA hang workarounds
[    0.961524] pci 0000:00:02.0: Video device with shadowed ROM at [mem 0x000c0000-0x000dffff]
[    0.963298] Unpacking initramfs...

[    1.212797] Freeing initrd memory: 19676K
[    1.331735] clocksource: tsc: mask: 0xffffffffffffffff max_cycles: 0x14109b0720d, max_idle_ns: 440795259878 ns
[    1.520684] platform rtc_cmos: registered platform RTC device (no PNP device found)
[    1.590471] Scanning for low memory corruption every 60 seconds
[    1.592738] Initialise system trusted keyrings
[    1.593872] Key type blacklist registered
[    1.594881] workingset: timestamp_bits=36 max_order=18 bucket_order=0
[    1.597310] zbud: loaded
[    1.598419] squashfs: version 4.0 (2009/01/31) Phillip Lougher
[    1.599925] fuse init (API version 7.26)
[    1.604298] Key type asymmetric registered
[    1.605333] Asymmetric key parser 'x509' registered
[    1.606565] Block layer SCSI generic (bsg) driver version 0.4 loaded (major 246)
[    1.608447] io scheduler noop registered
[    1.609470] io scheduler deadline registered
[    1.612790] io scheduler cfq registered (default)
[    1.614425] ACPI: AC Adapter [AC] (off-line)
[    1.615451] input: Power Button as /devices/LNXSYSTM:00/LNXPWRBN:00/input/input0
[    1.617519] ACPI: Power Button [PWRF]
[    1.618595] input: Sleep Button as /devices/LNXSYSTM:00/LNXSLPBN:00/input/input1
[    1.620334] ACPI: Sleep Button [SLPF]
[    1.622571] ACPI: Battery Slot [BAT0] (battery present)
[    1.623919] Serial: 8250/16550 driver, 32 ports, IRQ sharing enabled
[    1.650160] 00:02: ttyS0 at I/O 0x3f8 (irq = 4, base_baud = 115200) is a 16550A
[    1.759090] Linux agpgart interface v0.103
[    1.832101] loop: module loaded
[    1.902307] scsi host0: ata_piix
[    1.983046] scsi host1: ata_piix
[    2.044451] ata1: PATA max UDMA/33 cmd 0x1f0 ctl 0x3f6 bmdma 0xd000 irq 14
[    2.054363] ata2: PATA max UDMA/33 cmd 0x170 ctl 0x376 bmdma 0xd008 irq 15
[    2.055868] libphy: Fixed MDIO Bus: probed
[    2.056851] tun: Universal TUN/TAP device driver, 1.6
[    2.057945] PPP generic driver version 2.4.2
[    2.058899] ehci_hcd: USB 2.0 'Enhanced' Host Controller (EHCI) Driver
[    2.060198] ehci-pci: EHCI PCI platform driver
[    2.061158] ehci-platform: EHCI generic platform driver
[    2.062229] ohci_hcd: USB 1.1 'Open' Host Controller (OHCI) Driver
[    2.063442] ohci-pci: OHCI PCI platform driver
[    2.064367] ohci-platform: OHCI generic platform driver
[    2.065411] uhci_hcd: USB Universal Host Controller Interface driver
[    2.066696] i8042: PNP: PS/2 Controller [PNP0303:PS2K,PNP0f03:PS2M] at 0x60,0x64 irq 1,12
[    2.119156] serio: i8042 KBD port at 0x60,0x64 irq 1
[    2.225968] serio: i8042 AUX port at 0x60,0x64 irq 12
[    2.340679] mousedev: PS/2 mouse device common for all mice
[    2.446254] rtc_cmos rtc_cmos: rtc core: registered rtc_cmos as rtc0
[    2.568428] rtc_cmos rtc_cmos: alarms up to one day, 114 bytes nvram
[    2.660287] i2c /dev entries driver
[    2.661146] input: AT Translated Set 2 keyboard as /devices/platform/i8042/serio0/input/input2
[    2.663011] device-mapper: uevent: version 1.0.3
[    2.664072] device-mapper: ioctl: 4.37.0-ioctl (2017-09-20) initialised: dm-devel@redhat.com
[    2.665814] ledtrig-cpu: registered to indicate activity on CPUs
[    2.667546] NET: Registered protocol family 10
[    2.673908] Segment Routing with IPv6
[    2.675109] NET: Registered protocol family 17
[    2.676392] Key type dns_resolver registered
[    2.685045] mce: Using 0 MCE banks
[    2.685947] RAS: Correctable Errors collector initialized.
[    2.687632] sched_clock: Marking stable (2684989516, 0)->(7012043339, -4327053823)
[    2.697529] registered taskstats version 1
[    2.700898] Loading compiled-in X.509 certificates
[    2.705699] Loaded X.509 cert 'Build time autogenerated kernel key: 3a65b6a3c8b5d6b297d77c25be9161529933bc49'
[    2.708273] zswap: loaded using pool lzo/zbud
[    2.718361] Key type big_key registered
[    2.721170] Key type trusted registered
[    2.728902] Key type encrypted registered
[    2.730546] AppArmor: AppArmor sha1 policy hashing enabled
[    2.733427] ima: No TPM chip found, activating TPM-bypass! (rc=-19)
[    2.741469] ima: Allocated hash algorithm: sha1
[    2.799412] evm: HMAC attrs: 0x1
[    2.849874]   Magic number: 7:399:114
[    2.900678] c_cmortcmos: sein sstm lok  29--0068: U (7013)
[    .678 BIO ED facility v0.16 2004-Jun-25, 0 devices found
[    3.790401] EDD information not available.

[    3.793676] Freeing unused kernel image memory: 2436K
[    3.820489] Write protecting the kernel read-only data: 20480k
[    3.822370] Freeing unused kernel image memory: 2008K
[    3.823658] Freeing unused kernel image memory: 1888K
[    3.829123] x86/mm: Checked W+X mappings: passed, no W+X pages found.
[    5.001367] x86/mm: Checking user space page tables
[    5.753182] x86/mm: Checked W+X mappings: passed, no W+X pages found.
Loading, please wait...
starting version 237
[    6.851165] e1000: Intel(R) PRO/1000 Network Driver - version 7.3.21-k8-NAPI
[    7.027016] e1000: Copyright (c) 1999-2006 Intel Corporation.
[    7.036382] Fusion MPT base driver 3.04.20
[    7.037824] Copyright (c) 1999-2008 LSI Corporation
[    7.049013] AVX2 version of gcm_enc/dec engaged.
[    7.052739] AES CTR mode by8 optimization enabled
[    7.060671] Fusion MPT SPI Host driver 3.04.20
[    7.250652] input: ImExPS/2 Generic Explorer Mouse as /devices/platform/i8042/serio1/input/input4
[    7.437058] e1000 0000:00:03.0 eth0: (PCI:33MHz:32-bit) 02:76:54:76:58:75
[    7.587010] e1000 0000:00:03.0 eth0: Intel(R) PRO/1000 Network Connection
[    8.130283] e1000 0000:00:08.0 eth1: (PCI:33MHz:32-bit) 08:00:27:a0:dd:85
[    8.132132] e1000 0000:00:08.0 eth1: Intel(R) PRO/1000 Network Connection
[    8.135670] e1000 0000:00:08.0 enp0s8: renamed from eth1
[    8.137330] mptbase: ioc0: Initiating bringup
[    8.152254] e1000 0000:00:03.0 enp0s3: renamed from eth0
[    8.489160] ioc0: LSI53C1030 A0: Capabilities={Initiator}
[    9.684140] scsi host2: ioc0: LSI53C1030 A0, FwRev=00000000h, Ports=1, MaxQ=256, IRQ=20
[   10.478854] scsi 2:0:0:0: Direct-Access     VBOX     HARDDISK         1.0  PQ: 0 ANSI: 5
[   10.724069] scsi target2:0:0: Beginning Domain Validation
[   10.897977] scsi target2:0:0: Domain Validation skipping write tests
[   10.899263] scsi target2:0:0: Ending Domain Validation
[   10.900409] scsi target2:0:0: asynchronous
[   10.901734] scsi 2:0:1:0: Direct-Access     VBOX     HARDDISK         1.0  PQ: 0 ANSI: 5
[   10.932414] scsi target2:0:1: Beginning Domain Validation
[   11.083260] random: fast init done
[   11.572810] scsi target2:0:1: Domain Validation skipping write tests
[   11.574052] scsi target2:0:1: Ending Domain Validation
[   11.575172] scsi target2:0:1: asynchronous
[   11.726164] random: systemd-udevd: uninitialized urandom read (16 bytes read)
[   11.727594] random: systemd-udevd: uninitialized urandom read (16 bytes read)
[   11.729028] random: systemd-udevd: uninitialized urandom read (16 bytes read)
[   11.729169] sd 2:0:0:0: Attached scsi generic sg0 type 0
[   11.731741] sd 2:0:1:0: Attached scsi generic sg1 type 0
[   11.733086] sd 2:0:0:0: [sda] 20971520 512-byte logical blocks: (10.7 GB/10.0 GiB)
[   11.735708] sd 2:0:0:0: [sda] Write Protect is off
[   11.858889] sd 2:0:1:0: [sdb] 20480 512-byte logical blocks: (10.5 MB/10.0 MiB)
[   11.860634] sd 2:0:0:0: [sda] Incomplete mode parameter data
[   12.162593] sd 2:0:0:0: [sda] Assuming drive cache: write through
[   12.272217] sd 2:0:1:0: [sdb] Write Protect is off
[   12.275151]  sda: sda1
[   12.429478] sd 2:0:1:0: [sdb] Incomplete mode parameter data
[   12.429908] sd 2:0:0:0: [sda] Attached SCSI disk
[   12.468891] sd 2:0:1:0: [sdb] Assuming drive cache: write through
[   12.478026] sd 2:0:1:0: [sdb] Attached SCSI disk
Begin: Loading essential drivers ... [   13.872335] raid6: sse2x1   gen() 12579 MB/s
[   14.088809] raid6: sse2x1   xor()  8777 MB/s
[   14.308969] raid6: sse2x2   gen() 16451 MB/s
[   14.472857] raid6: sse2x2   xor() 10397 MB/s
[   14.688299] raid6: sse2x4   gen() 17264 MB/s
[   14.760848] raid6: sse2x4   xor() 11584 MB/s
[   14.932497] raid6: avx2x1   gen() 24866 MB/s
[   15.160399] raid6: avx2x1   xor() 20037 MB/s
[   15.348314] raid6: avx2x2   gen() 31317 MB/s
[   15.504061] raid6: avx2x2   xor() 19794 MB/s
[   15.756170] raid6: avx2x4   gen() 34329 MB/s
[   15.804179] raid6: avx2x4   xor() 21550 MB/s
[   15.980286] raid6: using algorithm avx2x4 gen() 34329 MB/s
[   16.087489] raid6: .... xor() 21550 MB/s, rmw enabled
[   16.130728] raid6: using avx2x2 recovery algorithm
[   16.148626] xor: automatically using best checksumming function   avx       
[   16.151227] async_tx: api initialized (async)
done.
Begin: Running /scripts/init-premount ... done.
Begin: Mounting root file system ... Begin: Running /scripts/local-top ... done.
Begin: Running /[   16.190304] Btrfs loaded, crc32c=crc32c-intel
scripts/local-premount ... Scanning for Btrfs filesystems
done.
Warning: fsck not present, so skipping root file system
[   16.306031] EXT4-fs (sda1): mounted filesystem with ordered data mode. Opts: (null)
done.
Begin: Running /scripts/local-bottom ... done.
Begin: Running /scripts/init-bottom ... done.
[   16.501475] ip_tables: (C) 2000-2006 Netfilter Core Team
[   16.509328] systemd[1]: systemd 237 running in system mode. (+PAM +AUDIT +SELINUX +IMA +APPARMOR +SMACK +SYSVINIT +UTMP +LIBCRYPTSETUP +GCRYPT +GNUTLS +ACL +XZ +LZ4 +SECCOMP +BLKID +ELFUTILS +KMOD -IDN2 +IDN -PCRE2 default-hierarchy=hybrid)
[   16.513479] systemd[1]: Detected virtualization oracle.
[   16.514549] systemd[1]: Detected architecture x86-64.

Welcome to [1mUbuntu 18.04.3 LTS[0m!

[   16.542295] systemd[1]: Set hostname to <ubuntu-bionic>.
[   17.178180] systemd[1]: Reached target User and Group Name Lookups.
[[0;32m  OK  [0m] Reached target User and Group Name Lookups.
[   17.183141] systemd[1]: Created slice User and Session Slice.
[[0;32m  OK  [0m] Created slice User and Session Slice.
[   17.240464] systemd[1]: Reached target System Time Synchronized.
[[0;32m  OK  [0m] Reached target System Time Synchronized.
[   17.580758] systemd[1]: Reached target Swap.
[[0;32m  OK  [0m] Reached target Swap.
[   18.497953] systemd[1]: Created slice System Slice.
[[0;32m  OK  [0m] Created slice System Slice.
[   19.294386] systemd[1]: Listening on LVM2 metadata daemon socket.
[[0;32m  OK  [0m] Listening on LVM2 metadata daemon socket.
[[0;32m  OK  [0m] Listening on Device-mapper event daemon FIFOs.
[[0;32m  OK  [0m] Listening on udev Control Socket.
[[0;32m  OK  [0m] Listening on udev Kernel Socket.
[[0;32m  OK  [0m] Listening on /dev/initctl Compatibility Named Pipe.
[[0;32m  OK  [0m] Listening on LVM2 poll daemon socket.
[[0;32m  OK  [0m] Listening on Journal Audit Socket.
[[0;32m  OK  [0m] Listening on Syslog Socket.
[[0;32m  OK  [0m] Created slice system-serial\x2dgetty.slice.
[[0;32m  OK  [0m] Listening on Journal Socket (/dev/log).
[[0;32m  OK  [0m] Listening on Journal Socket.
         Starting Journal Service...
         Starting Uncomplicated firewall...
         Mounting Kernel Debug File System...
         Starting Create list of required st…ce nodes for the current kernel...
         Mounting POSIX Message Queue File System...
         Starting Monitoring of LVM2 mirrors…ng dmeventd or progress polling...
         Mounting Huge Pages File System...
         Starting Load Kernel Modules...
[   20.847849] Loading iSCSI transport class v2.0-870.
         Starting Set the consol[   20.978116] iscsi: registered transport (tcp)
e keyboard layout...
         Starting Remount Root and Kernel File Systems...
         Starting udev Coldplug all Devices...
[[0;32m  OK  [0m] Set up automount Arbitrary Executab…rmats File System Automount Point.
[[0;32m  OK  [0m] Listening on Network Service Netlink Socket.
[[0;32m  OK  [0m] Reached target Slices.
[[0;32m  OK  [0m] Started Forward Password Requests to Wall Directory Watch.
[[0;32m  OK  [0m] Started Journal Service.
[[0;32m  OK  [0m] Started Uncomplicated firewall.
[[0;32m  OK  [0m] Mounted Kernel Debug File System.
[[0;32m  OK  [0m] Started Crea[   21.188604] iscsi: registered transport (iser)
te list of requi[   21.447841] EXT4-fs (sda1): re-mounted. Opts: (null)
red sta…vice nodes for the current kernel.
[[0;32m  OK  [0m] Mounted POSIX Message Queue File System.
[[0;32m  OK  [0m] Mounted Huge Pages File System.
[[0;32m  OK  [0m] Started Load Kernel Modules.
[[0;32m  OK  [0m] Started Set the console keyboard layout.
[[0;32m  OK  [0m] Started Remount Root and Kernel File Systems.
[[0;32m  OK  [[   21.813604] random: crng init done
0m] Started LVM2[   21.956014] random: 7 urandom warning(s) missed due to ratelimiting
 metadata daemon.
         Starting Load/Save Random Seed...
         Mounting FUSE Control File System...
         Starting Apply Kernel Variables...
         Mounting Kernel Configuration File System...
         Starting Create Static Device Nodes in /dev...
         Starting Flush Journal to Persistent Storage...
[[0;32m  OK  [0m] Started Monitoring of LVM2 mirrors,…sing dmeventd or progress polling.
[[0;32m  OK  [0m] Started udev Coldplug all Devices.
[[0;32m  OK  [0m] Started Load/Save Random Seed.
[[0;32m  OK  [0m] Mounted FUSE Control File System.
[[0;32m  OK  [0m] Started Apply Kernel Variables.
[[0;32m  OK  [0m] Mounted Kernel Configuration File System.
[[0;32m  OK  [0m] Started Create Static Device Nodes in /dev.
         Starting udev Kernel Device Manager...
[[0;32m  OK  [0m] Reached target Local File Systems (Pre).
[[0;32m  OK  [0m] Reached target Local File Systems.
         Starting ebtables ruleset management...
         Starting Tell Plymouth To Write Out Runtime Data...
         Starting AppArmor initialization...
         Starting Set console font and keymap...
[[0;32m  OK  [0m] Started udev Kernel Device Manager.
[[0;32m  OK  [0m] Started Dispatch Password Requests to Console Directory Watch.
[[0;32m  OK  [0m] Reached target Local Encrypted Volumes.
[[0;32m  OK  [0m] Started Tell Plymouth To Write Out Runtime Data.
[[0;32m  OK  [0m] Started Set console font and keymap.
[[0;32m  OK  [0m] Found device /dev/ttyS0.
[[0;32m  OK  [0m] Listening on Load/Save RF Kill Switch Status /dev/rfkill Watch.
[[0;32m  OK  [0m] Started Flush Journal to Persistent Storage.
         Starting Create Volatile Files and Directories...
[[0;32m  OK  [0m] Started ebtables ruleset management.
[[0;32m  OK  [0m] Started Create Volatile Files and Directories.
         Starting Update UTMP about System Boot/Shutdown...
[[0;32m  OK  [0m] Started Update UTMP about System Boot/Shutdown.
[[0;32m  OK  [0m] Started AppArmor initialization.
         Starting Initial cloud-init job (pre-networking)...
[   23.921574] cloud-init[608]: Cloud-init v. 19.1-1-gbaa47854-0ubuntu1~18.04.1 running 'init-local' at Wed, 09 Oct 2019 06:09:15 +0000. Up 23.71 seconds.
[[0;32m  OK  [0m] Started Initial cloud-init job (pre-networking).
[[0;32m  OK  [0m] Reached target Network (Pre).
         Starting Network Service...
[[0;32m  OK  [0m] Started Network Service.
         Starting Wait for Network to be Configured...
         Starting Network Name Resolution...
[[0;32m  OK  [0m] Started Network Name Resolution.
[[0;32m  OK  [0m] Reached target Host and Network Name Lookups.
[[0;32m  OK  [0m] Reached target Network.
[[0;32m  OK  [0m] Started Wait for Network to be Configured.
         Starting Initial cloud-init job (metadata service crawler)...
[   26.514067] cloud-init[723]: Cloud-init v. 19.1-1-gbaa47854-0ubuntu1~18.04.1 running 'init' at Wed, 09 Oct 2019 06:09:17 +0000. Up 26.38 seconds.
[   26.576413] cloud-init[723]: ci-info: ++++++++++++++++++++++++++++++++++++++Net device info+++++++++++++++++++++++++++++++++++++++
[   26.581385] cloud-init[723]: ci-info: +--------+------+-----------------------------+---------------+--------+-------------------+
[   26.583767] cloud-init[723]: ci-info: | Device |  Up  |           Address           |      Mask     | Scope  |     Hw-Address    |
[   26.593571] cloud-init[723]: ci-info: +--------+------+-----------------------------+---------------+--------+-------------------+
[   26.597077] cloud-init[723]: ci-info: | enp0s3 | True |          10.0.2.15          | 255.255.255.0 | global | 02:76:54:76:58:75 |
[   26.600436] cloud-init[723]: ci-info: | enp0s3 | True |  fe80::76:54ff:fe76:5875/64 |       .       |  link  | 02:76:54:76:58:75 |
[   26.604690] cloud-init[723]: ci-info: | enp0s8 | True |        192.168.33.10        | 255.255.255.0 | global | 08:00:27:a0:dd:85 |
[   26.608140] cloud-init[723]: ci-info: | enp0s8 | True | fe80::a00:27ff:fea0:dd85/64 |       .       |  link  | 08:00:27:a0:dd:85 |
[   26.611063] cloud-init[723]: ci-info: |   lo   | True |          127.0.0.1          |   255.0.0.0   |  host  |         .         |
[   26.615314] cloud-init[723]: ci-info: |   lo   | True |           ::1/128           |       .       |  host  |         .         |
[   26.623270] cloud-init[723]: ci-info: +--------+------+-----------------------------+---------------+--------+-------------------+
[   26.629775] cloud-init[723]: ci-info: +++++++++++++++++++++++++++++Route IPv4 info+++++++++++++++++++++++++++++
[   26.632635] cloud-init[723]: ci-info: +-------+--------------+----------+-----------------+-----------+-------+
[   26.635382] cloud-init[723]: ci-info: | Route | Destination  | Gateway  |     Genmask     | Interface | Flags |
[   26.638167] cloud-init[723]: ci-info: +-------+--------------+----------+-----------------+-----------+-------+
[   26.641137] cloud-init[723]: ci-info: |   0   |   0.0.0.0    | 10.0.2.2 |     0.0.0.0     |   enp0s3  |   UG  |
[   26.642915] cloud-init[723]: ci-info: |   1   |   10.0.2.0   | 0.0.0.0  |  255.255.255.0  |   enp0s3  |   U   |
[   26.644669] cloud-init[723]: ci-info: |   2   |   10.0.2.2   | 0.0.0.0  | 255.255.255.255 |   enp0s3  |   UH  |
[   26.646413] cloud-init[723]: ci-info: |   3   | 192.168.33.0 | 0.0.0.0  |  255.255.255.0  |   enp0s8  |   U   |
[   26.648157] cloud-init[723]: ci-info: +-------+--------------+----------+-----------------+-----------+-------+
[   26.678380] cloud-init[723]: ci-info: +++++++++++++++++++Route IPv6 info+++++++++++++++++++
[   26.680460] cloud-init[723]: ci-info: +-------+-------------+---------+-----------+-------+
[   26.720699] cloud-init[723]: ci-info: | Route | Destination | Gateway | Interface | Flags |
[[   26.772273] cloud-init[723]: ci-info: +-------+-------------+---------+-----------+-------+
[   26.772776] cloud-init[723]: ci-info: |   1   |  fe80::/64  |    ::   |   enp0s8  |   U   |
[0;32m  OK  [0m] Started Initial cloud-init job (metadata service crawler).
[   26.773262] cloud-init[723]: ci-info: |   2   |  fe80::/64  |    ::   |   enp0s3  |   U   |
[[   26.965312] cloud-init[723]: ci-info: |   4   |    local    |    ::   |   enp0s3  |   U   |
[   26.966015] cloud-init[723]: ci-info: |   5   |    local    |    ::   |   enp0s8  |   U   |
[0;32m  OK  [0m] Reached target Network is Online.
[   26.967097] cloud-init[723]: ci-info: |   6   |   ff00::/8  |    ::   |   enp0s8  |   U   |
         [   27.192845] Starting Availability of block devices...cloud-init
[723]: ci-info: |   7   |   ff00::/8  |    ::   |   enp0s3  |   U   |
[[   27.285546] cloud-init[723]: ci-info: +-------+-------------+---------+-----------+-------+
[0;32m  OK  [0m] Reached target Remote File Systems (Pre).
[[0;32m  OK  [0m] Reached target Remote File Systems.
[[0;32m  OK  [0m] Reached target Cloud-config availability.
[[0;32m  OK  [0m] Reached target System Initialization.
[[0;32m  OK  [0m] Listening on ACPID Listen Socket.
         Starting Socket activation for snappy daemon.
[[0;32m  OK  [0m] Listening on D-Bus System Message Bus Socket.
         Starting LXD - unix socket.
[[0;32m  OK  [0m] Started Daily Cleanup of Temporary Directories.
[[0;32m  OK  [0m] Started Discard unused blocks once a week.
[[0;32m  OK  [0m] Started Message of the Day.
[[0;32m  OK  [0m] Started Daily apt download activities.
[[0;32m  OK  [0m] Started Daily apt upgrade and clean activities.
[[0;32m  OK  [0m] Listening on UUID daemon activation socket.
[[0;32m  OK  [0m] Started ACPI Events Check.
[[0;32m  OK  [0m] Reached target Timers.
[[0;32m  OK  [0m] Reached target Paths.
[[0;32m  OK  [0m] Listening on Open-iSCSI iscsid Socket.
[[0;32m  OK  [0m] Started Availability of block devices.
[[0;32m  OK  [0m] Listening on Socket activation for snappy daemon.
[[0;32m  OK  [0m] Listening on LXD - unix socket.
[[0;32m  OK  [0m] Reached target Sockets.
[[0;32m  OK  [0m] Reached target Basic System.
         Starting Login Service...
         Starting LXD - container startup/shutdown...
         Starting Message of the Day...
         Starting vboxadd.service...
[[0;32m  OK  [0m] Started FUSE filesystem for LXC.
         Starting LSB: automatic crash report generation...
         Starting Accounts Service...
         Starting LSB: Record successful boot for GRUB...
[[0;32m  OK  [0m] Started irqbalance daemon.
         Starting OpenBSD Secure Shell server...
[[0;32m  OK  [0m] Started Deferred execution scheduler.
         Starting System Logging Service...
[[0;32m  OK  [0m] Started Regular background program processing daemon.
         Starting Dispatcher daemon for systemd-networkd...
         Starting Permit User Sessions...
[[0;32m  OK  [0m] Started D-Bus System Message Bus.
[[0;32m  OK  [0m] Started Login Service.
[[0;32m  OK  [0m] Started Unattended Upgrades Shutdown.
         Starting Snappy daemon...
[[0;32m  OK  [0m] Started System Logging Service.
[[0;32m  OK  [0m] Started LXD - container startup/shutdown.
[[0;32m  OK  [0m] Started vboxadd.service.
[[0;32m  OK  [0m] Started Permit User Sessions.
[[0;32m  OK  [0m] Started OpenBSD Secure Shell server.
[[0;32m  OK  [0m] Started Dispatcher daemon for systemd-networkd.
         Starting Authorization Manager...
         Starting Terminate Plymouth Boot Screen...
         Starting Hold until boot process finishes up...
         Starting vboxadd-service.service...
[[0;32m  OK  [0m] Started LSB: automatic crash report generation.
[[0;32m  OK  [0m] Started Terminate Plymouth Boot Screen.
[[0;32m  OK  [0m] Started LSB: Record successful boot for GRUB.
[[0;32m  OK  [0m] Started Hold until boot process finishes up.
[[0;32m  OK  [0m] Started Authorization Manager.
[[0;32m  OK  [0m] Started vboxadd-service.service.
[[0;32m  OK  [0m] Started Accounts Service.
         Starting Set console scheme...
[[0;32m  OK  [0m] Started Serial Getty on ttyS0.
[[0;32m  OK  [0m] Started Set console scheme.
[[0;32m  OK  [0m] Created slice system-getty.slice.
[[0;32m  OK  [0m] Started Getty on tty1.
[[0;32m  OK  [0m] Reached target Login Prompts.
[[0;32m  OK  [0m] Started Snappy daemon.
         Starting Wait until snapd is fully seeded...
[[0;32m  OK  [0m] Started Wait until snapd is fully seeded.
         Starting Apply the settings specified in cloud-config...
[[0;32m  OK  [0m] Reached target Multi-User System.
[[0;32m  OK  [0m] Reached target Graphical Interface.
         Starting Update UTMP about System Runlevel Changes...
[[0;32m  OK  [0m] Started Update UTMP about System Runlevel Changes.
[   29.323458] cloud-init[1308]: Cloud-init v. 19.1-1-gbaa47854-0ubuntu1~18.04.1 running 'modules:config' at Wed, 09 Oct 2019 06:09:20 +0000. Up 29.23 seconds.
[[0;32m  OK  [0m] Started Apply the settings specified in cloud-config.
[[0;32m  OK  [0m] Started Message of the Day.
         Starting Execute cloud user/final scripts...
[[0;32m  OK  [0m] Created slice User Slice of vagrant.
         Starting User Manager for UID 1000...
[[0;32m  OK  [0m] Started Session 1 of user vagrant.
[[0;32m  OK  [0m] Started User Manager for UID 1000.
[[0;32m  OK  [0m] Started Execute cloud user/final scripts.
[[0;32m  OK  [0m] Reached target Cloud-init target.
[   29.993000] cloud-init[1373]: Cloud-init v. 19.1-1-gbaa47854-0ubuntu1~18.04.1 running 'modules:final' at Wed, 09 Oct 2019 06:09:21 +0000. Up 29.80 seconds.
[   29.996299] cloud-init[1373]: Cloud-init v. 19.1-1-gbaa47854-0ubuntu1~18.04.1 finished at Wed, 09 Oct 2019 06:09:21 +0000. Datasource DataSourceNoCloud [seed=/dev/sdb][dsmode=net].  Up 29.91 seconds

Ubuntu 18.04.3 LTS ubuntu-bionic ttyS0

ubuntu-bionic login:                  Stopping Serial Getty on ttyS0...
         Stopping LSB: automatic crash report generation...
         Stopping System Logging Service...
         Stopping FUSE filesystem for LXC...
         Stopping Session 25 of user vagrant.
[[0;32m  OK  [0m] Stopped Message of the Day.
[[0;32m  OK  [0m] Stopped Discard unused blocks once a week.
         Stopping Regular background program processing daemon...
[[0;32m  OK  [0m] Stopped target Network is Online.
         Stopping Getty on tty1...
         Stopping Dispatcher daemon for systemd-networkd...
[[0;32m  OK  [0m] Stopped Daily apt upgrade and clean activities.
[[0;32m  OK  [0m] Stopped Daily apt download activities.
[[0;32m  OK  [0m] Stopped target System Time Synchronized.
         Stopping OpenBSD Secure Shell server...
[[0;32m  OK  [0m] Unmounted /var/lib/lxcfs.
[[0;32m  OK  [0m] Stopped Accounts Service.
[[0;32m  OK  [0m] Stopped irqbalance daemon.
[[0;32m  OK  [0m] Stopped Deferred execution scheduler.
[[0;32m  OK  [0m] Stopped System Logging Service.
[[0;32m  OK  [0m] Stopped Regular background program processing daemon.
[[0;32m  OK  [0m] Stopped Dispatcher daemon for systemd-networkd.
[[0;32m  OK  [0m] Stopped Unattended Upgrades Shutdown.
[[0;32m  OK  [0m] Stopped OpenBSD Secure Shell server.
[[0;32m  OK  [0m] Stopped Authorization Manager.
[[0;32m  OK  [0m] Stopped Serial Getty on ttyS0.
[[0;32m  OK  [0m] Stopped Getty on tty1.
[[0;32m  OK  [0m] Stopped User Manager for UID 1000.
[[0;32m  OK  [0m] Stopped Availability of block devices.
[[0;32m  OK  [0m] Stopped D-Bus System Message Bus.
[[0;32m  OK  [0m] Stopped FUSE filesystem for LXC.
[[0;32m  OK  [0m] Stopped Session 25 of user vagrant.
[[0;32m  OK  [0m] Removed slice User Slice of vagrant.
[[0;32m  OK  [0m] Removed slice system-getty.slice.
[[0;32m  OK  [0m] Removed slice system-serial\x2dgetty.slice.
         Stopping Permit User Sessions...
         Stopping Login Service...
[[0;32m  OK  [0m] Stopped LXD - container startup/shutdown.
[[0;32m  OK  [0m] Stopped vboxadd-service.service.
[[0;32m  OK  [0m] Stopped Login Service.
[[0;32m  OK  [0m] Stopped Permit User Sessions.
[[0;32m  OK  [0m] Stopped target Network.
         Stopping Network Name Resolution...
[[0;32m  OK  [0m] Stopped target User and Group Name Lookups.
         Stopping vboxadd.service...
[[0;32m  OK  [0m] Unmounted /vagrant.
[[0;32m  OK  [0m] Stopped Network Name Resolution.
[[0;32m  OK  [0m] Stopped LSB: Record successful boot for GRUB.
[[0;32m  OK  [0m] Stopped LSB: automatic crash report generation.
[[0;32m  OK  [0m] Stopped vboxadd.service.
[[0;32m  OK  [0m] Stopped target Remote File Systems.
[[0;32m  OK  [0m] Stopped target Remote File Systems (Pre).
[[0;32m  OK  [0m] Stopped target Basic System.
[[0;32m  OK  [0m] Stopped target Slices.
[[0;32m  OK  [0m] Removed slice User and Session Slice.
[[0;32m  OK  [0m] Stopped target Paths.
[[0;32m  OK  [0m] Stopped ACPI Events Check.
[[0;32m  OK  [0m] Stopped target Sockets.
[[0;32m  OK  [0m] Closed Syslog Socket.
[[0;32m  OK  [0m] Closed ACPID Listen Socket.
[[0;32m  OK  [0m] Closed D-Bus System Message Bus Socket.
[[0;32m  OK  [0m] Closed Socket activation for snappy daemon.
[[0;32m  OK  [0m] Closed LXD - unix socket.
[[0;32m  OK  [0m] Closed UUID daemon activation socket.
[[0;32m  OK  [0m] Closed Open-iSCSI iscsid Socket.
[[0;32m  OK  [0m] Stopped target System Initialization.
[[0;32m  OK  [0m] Stopped target Local Encrypted Volumes.
[[0;32m  OK  [0m] Stopped Dispatch Password Requests to Console Directory Watch.
[[0;32m  OK  [0m] Stopped Forward Password Requests to Wall Directory Watch.
         Stopping Load/Save Random Seed...
         Stopping Update UTMP about System Boot/Shutdown...
[[0;32m  OK  [0m] Stopped Initial cloud-init job (metadata service crawler).
         Stopping Network Service...
[[0;32m  OK  [0m] Stopped Load/Save Random Seed.
[[0;32m  OK  [0m] Stopped Network Service.
[[0;32m  OK  [0m] Stopped Update UTMP about System Boot/Shutdown.
[[0;32m  OK  [0m] Stopped Create Volatile Files and Directories.
[[0;32m  OK  [0m] Stopped target Local File Systems.
         Unmounting /run/user/1000...
[[0;32m  OK  [0m] Stopped target Network (Pre).
[[0;32m  OK  [0m] Stopped Initial cloud-init job (pre-networking).
[[0;32m  OK  [0m] Stopped Apply Kernel Variables.
[[0;32m  OK  [0m] Stopped Load Kernel Modules.
[[0;32m  OK  [0m] Unmounted /run/user/1000.
[[0;32m  OK  [0m] Reached target Unmount All Filesystems.
[[0;32m  OK  [0m] Stopped target Swap.
[[0;32m  OK  [0m] Stopped target Local File Systems (Pre).
         Stopping Monitoring of LVM2 mirrors…ng dmeventd or progress polling...
[[0;32m  OK  [0m] Stopped Remount Root and Kernel File Systems.
[[0;32m  OK  [0m] Stopped Create Static Device Nodes in /dev.
[[0;32m  OK  [0m] Reached target Shutdown.
[[0;32m  OK  [0m] Reached target Final Step.
         Starting Power-Off...
[[0;32m  OK  [0m] Stopped Monitoring of LVM2 mirrors,…sing dmeventd or progress polling.
         Stopping LVM2 metadata daemon...
[[0;32m  OK  [0m] Stopped LVM2 metadata daemon.
[35673.846598] reboot: Power down
